{"C:\\Users\\matth\\Documents\\Startup\\Project-goldmine\\Client\\paragraph-interactions.js": {"path":"C:\\Users\\matth\\Documents\\Startup\\Project-goldmine\\Client\\paragraph-interactions.js","statementMap":{"0":{"start":{"line":3,"column":31},"end":{"line":18,"column":1}},"1":{"start":{"line":5,"column":8},"end":{"line":5,"column":49}},"2":{"start":{"line":9,"column":8},"end":{"line":9,"column":50}},"3":{"start":{"line":13,"column":8},"end":{"line":13,"column":35}},"4":{"start":{"line":14,"column":27},"end":{"line":14,"column":54}},"5":{"start":{"line":15,"column":8},"end":{"line":15,"column":42}},"6":{"start":{"line":16,"column":8},"end":{"line":16,"column":46}},"7":{"start":{"line":21,"column":0},"end":{"line":21,"column":55}},"8":{"start":{"line":23,"column":33},"end":{"line":29,"column":1}},"9":{"start":{"line":24,"column":24},"end":{"line":24,"column":62}},"10":{"start":{"line":25,"column":4},"end":{"line":28,"column":5}},"11":{"start":{"line":26,"column":8},"end":{"line":26,"column":29}},"12":{"start":{"line":27,"column":8},"end":{"line":27,"column":78}},"13":{"start":{"line":31,"column":25},"end":{"line":60,"column":1}},"14":{"start":{"line":32,"column":16},"end":{"line":32,"column":45}},"15":{"start":{"line":33,"column":4},"end":{"line":33,"column":34}},"16":{"start":{"line":35,"column":21},"end":{"line":35,"column":55}},"17":{"start":{"line":36,"column":4},"end":{"line":36,"column":41}},"18":{"start":{"line":37,"column":4},"end":{"line":37,"column":49}},"19":{"start":{"line":38,"column":4},"end":{"line":38,"column":53}},"20":{"start":{"line":40,"column":28},"end":{"line":40,"column":57}},"21":{"start":{"line":41,"column":4},"end":{"line":41,"column":50}},"22":{"start":{"line":43,"column":23},"end":{"line":43,"column":55}},"23":{"start":{"line":44,"column":4},"end":{"line":44,"column":36}},"24":{"start":{"line":45,"column":4},"end":{"line":45,"column":69}},"25":{"start":{"line":45,"column":31},"end":{"line":45,"column":68}},"26":{"start":{"line":47,"column":25},"end":{"line":47,"column":57}},"27":{"start":{"line":48,"column":4},"end":{"line":48,"column":40}},"28":{"start":{"line":49,"column":4},"end":{"line":49,"column":57}},"29":{"start":{"line":49,"column":33},"end":{"line":49,"column":56}},"30":{"start":{"line":51,"column":4},"end":{"line":51,"column":46}},"31":{"start":{"line":52,"column":4},"end":{"line":52,"column":44}},"32":{"start":{"line":54,"column":4},"end":{"line":54,"column":30}},"33":{"start":{"line":55,"column":4},"end":{"line":55,"column":37}},"34":{"start":{"line":57,"column":4},"end":{"line":57,"column":42}},"35":{"start":{"line":57,"column":21},"end":{"line":57,"column":37}},"36":{"start":{"line":59,"column":4},"end":{"line":59,"column":15}},"37":{"start":{"line":62,"column":19},"end":{"line":73,"column":1}},"38":{"start":{"line":63,"column":4},"end":{"line":71,"column":5}},"39":{"start":{"line":64,"column":8},"end":{"line":64,"column":44}},"40":{"start":{"line":65,"column":8},"end":{"line":65,"column":47}},"41":{"start":{"line":66,"column":8},"end":{"line":66,"column":39}},"42":{"start":{"line":68,"column":8},"end":{"line":68,"column":50}},"43":{"start":{"line":69,"column":8},"end":{"line":69,"column":50}},"44":{"start":{"line":70,"column":8},"end":{"line":70,"column":42}},"45":{"start":{"line":72,"column":4},"end":{"line":72,"column":23}},"46":{"start":{"line":75,"column":21},"end":{"line":77,"column":1}},"47":{"start":{"line":76,"column":4},"end":{"line":76,"column":23}},"48":{"start":{"line":79,"column":16},"end":{"line":82,"column":1}},"49":{"start":{"line":80,"column":4},"end":{"line":80,"column":31}},"50":{"start":{"line":81,"column":4},"end":{"line":81,"column":45}},"51":{"start":{"line":84,"column":28},"end":{"line":93,"column":1}},"52":{"start":{"line":85,"column":30},"end":{"line":85,"column":75}},"53":{"start":{"line":86,"column":4},"end":{"line":92,"column":5}},"54":{"start":{"line":87,"column":26},"end":{"line":87,"column":55}},"55":{"start":{"line":88,"column":8},"end":{"line":88,"column":50}},"56":{"start":{"line":89,"column":8},"end":{"line":89,"column":63}},"57":{"start":{"line":90,"column":8},"end":{"line":90,"column":76}},"58":{"start":{"line":90,"column":34},"end":{"line":90,"column":75}},"59":{"start":{"line":91,"column":8},"end":{"line":91,"column":41}},"60":{"start":{"line":95,"column":31},"end":{"line":97,"column":1}},"61":{"start":{"line":96,"column":4},"end":{"line":96,"column":60}},"62":{"start":{"line":99,"column":29},"end":{"line":122,"column":1}},"63":{"start":{"line":100,"column":23},"end":{"line":100,"column":62}},"64":{"start":{"line":102,"column":4},"end":{"line":121,"column":7}},"65":{"start":{"line":103,"column":31},"end":{"line":103,"column":60}},"66":{"start":{"line":104,"column":8},"end":{"line":104,"column":53}},"67":{"start":{"line":105,"column":8},"end":{"line":109,"column":10}},"68":{"start":{"line":110,"column":8},"end":{"line":110,"column":46}},"69":{"start":{"line":112,"column":8},"end":{"line":120,"column":11}},"70":{"start":{"line":113,"column":12},"end":{"line":119,"column":15}},"71":{"start":{"line":114,"column":16},"end":{"line":114,"column":36}},"72":{"start":{"line":115,"column":31},"end":{"line":115,"column":54}},"73":{"start":{"line":116,"column":16},"end":{"line":118,"column":17}},"74":{"start":{"line":117,"column":20},"end":{"line":117,"column":62}},"75":{"start":{"line":125,"column":0},"end":{"line":125,"column":68}}},"fnMap":{"0":{"name":"(anonymous_0)","decl":{"start":{"line":4,"column":14},"end":{"line":4,"column":15}},"loc":{"start":{"line":4,"column":29},"end":{"line":6,"column":5}},"line":4},"1":{"name":"(anonymous_1)","decl":{"start":{"line":8,"column":15},"end":{"line":8,"column":16}},"loc":{"start":{"line":8,"column":30},"end":{"line":10,"column":5}},"line":8},"2":{"name":"(anonymous_2)","decl":{"start":{"line":12,"column":13},"end":{"line":12,"column":14}},"loc":{"start":{"line":12,"column":28},"end":{"line":17,"column":5}},"line":12},"3":{"name":"(anonymous_3)","decl":{"start":{"line":23,"column":33},"end":{"line":23,"column":34}},"loc":{"start":{"line":23,"column":39},"end":{"line":29,"column":1}},"line":23},"4":{"name":"(anonymous_4)","decl":{"start":{"line":31,"column":25},"end":{"line":31,"column":26}},"loc":{"start":{"line":31,"column":40},"end":{"line":60,"column":1}},"line":31},"5":{"name":"(anonymous_5)","decl":{"start":{"line":45,"column":25},"end":{"line":45,"column":26}},"loc":{"start":{"line":45,"column":31},"end":{"line":45,"column":68}},"line":45},"6":{"name":"(anonymous_6)","decl":{"start":{"line":49,"column":27},"end":{"line":49,"column":28}},"loc":{"start":{"line":49,"column":33},"end":{"line":49,"column":56}},"line":49},"7":{"name":"(anonymous_7)","decl":{"start":{"line":57,"column":15},"end":{"line":57,"column":16}},"loc":{"start":{"line":57,"column":21},"end":{"line":57,"column":37}},"line":57},"8":{"name":"(anonymous_8)","decl":{"start":{"line":62,"column":19},"end":{"line":62,"column":20}},"loc":{"start":{"line":62,"column":43},"end":{"line":73,"column":1}},"line":62},"9":{"name":"(anonymous_9)","decl":{"start":{"line":75,"column":21},"end":{"line":75,"column":22}},"loc":{"start":{"line":75,"column":36},"end":{"line":77,"column":1}},"line":75},"10":{"name":"(anonymous_10)","decl":{"start":{"line":79,"column":16},"end":{"line":79,"column":17}},"loc":{"start":{"line":79,"column":31},"end":{"line":82,"column":1}},"line":79},"11":{"name":"(anonymous_11)","decl":{"start":{"line":84,"column":28},"end":{"line":84,"column":29}},"loc":{"start":{"line":84,"column":43},"end":{"line":93,"column":1}},"line":84},"12":{"name":"(anonymous_12)","decl":{"start":{"line":90,"column":28},"end":{"line":90,"column":29}},"loc":{"start":{"line":90,"column":34},"end":{"line":90,"column":75}},"line":90},"13":{"name":"(anonymous_13)","decl":{"start":{"line":95,"column":31},"end":{"line":95,"column":32}},"loc":{"start":{"line":95,"column":46},"end":{"line":97,"column":1}},"line":95},"14":{"name":"(anonymous_14)","decl":{"start":{"line":99,"column":29},"end":{"line":99,"column":30}},"loc":{"start":{"line":99,"column":35},"end":{"line":122,"column":1}},"line":99},"15":{"name":"(anonymous_15)","decl":{"start":{"line":102,"column":23},"end":{"line":102,"column":24}},"loc":{"start":{"line":102,"column":36},"end":{"line":121,"column":5}},"line":102},"16":{"name":"(anonymous_16)","decl":{"start":{"line":112,"column":53},"end":{"line":112,"column":54}},"loc":{"start":{"line":112,"column":61},"end":{"line":120,"column":9}},"line":112},"17":{"name":"(anonymous_17)","decl":{"start":{"line":113,"column":43},"end":{"line":113,"column":44}},"loc":{"start":{"line":113,"column":50},"end":{"line":119,"column":13}},"line":113}},"branchMap":{"0":{"loc":{"start":{"line":25,"column":4},"end":{"line":28,"column":5}},"type":"if","locations":[{"start":{"line":25,"column":4},"end":{"line":28,"column":5}},{"start":{},"end":{}}],"line":25},"1":{"loc":{"start":{"line":38,"column":21},"end":{"line":38,"column":52}},"type":"binary-expr","locations":[{"start":{"line":38,"column":21},"end":{"line":38,"column":46}},{"start":{"line":38,"column":50},"end":{"line":38,"column":52}}],"line":38},"2":{"loc":{"start":{"line":63,"column":4},"end":{"line":71,"column":5}},"type":"if","locations":[{"start":{"line":63,"column":4},"end":{"line":71,"column":5}},{"start":{"line":67,"column":11},"end":{"line":71,"column":5}}],"line":63},"3":{"loc":{"start":{"line":86,"column":4},"end":{"line":92,"column":5}},"type":"if","locations":[{"start":{"line":86,"column":4},"end":{"line":92,"column":5}},{"start":{},"end":{}}],"line":86},"4":{"loc":{"start":{"line":116,"column":16},"end":{"line":118,"column":17}},"type":"if","locations":[{"start":{"line":116,"column":16},"end":{"line":118,"column":17}},{"start":{},"end":{}}],"line":116}},"s":{"0":0,"1":0,"2":0,"3":0,"4":0,"5":0,"6":0,"7":0,"8":0,"9":0,"10":0,"11":0,"12":0,"13":0,"14":0,"15":0,"16":0,"17":0,"18":0,"19":0,"20":0,"21":0,"22":0,"23":0,"24":0,"25":0,"26":0,"27":0,"28":0,"29":0,"30":0,"31":0,"32":0,"33":0,"34":0,"35":0,"36":0,"37":0,"38":0,"39":0,"40":0,"41":0,"42":0,"43":0,"44":0,"45":0,"46":0,"47":0,"48":0,"49":0,"50":0,"51":0,"52":0,"53":0,"54":0,"55":0,"56":0,"57":0,"58":0,"59":0,"60":0,"61":0,"62":0,"63":0,"64":0,"65":0,"66":0,"67":0,"68":0,"69":0,"70":0,"71":0,"72":0,"73":0,"74":0,"75":0},"f":{"0":0,"1":0,"2":0,"3":0,"4":0,"5":0,"6":0,"7":0,"8":0,"9":0,"10":0,"11":0,"12":0,"13":0,"14":0,"15":0,"16":0,"17":0},"b":{"0":[0,0],"1":[0,0],"2":[0,0],"3":[0,0],"4":[0,0]}}
,"C:\\Users\\matth\\Documents\\Startup\\Project-goldmine\\Client\\script.js": {"path":"C:\\Users\\matth\\Documents\\Startup\\Project-goldmine\\Client\\script.js","statementMap":{"0":{"start":{"line":2,"column":0},"end":{"line":10,"column":1}},"1":{"start":{"line":3,"column":4},"end":{"line":7,"column":5}},"2":{"start":{"line":4,"column":8},"end":{"line":4,"column":57}},"3":{"start":{"line":5,"column":11},"end":{"line":7,"column":5}},"4":{"start":{"line":6,"column":8},"end":{"line":6,"column":52}},"5":{"start":{"line":9,"column":4},"end":{"line":9,"column":53}},"6":{"start":{"line":16,"column":4},"end":{"line":16,"column":73}}},"fnMap":{"0":{"name":"(anonymous_0)","decl":{"start":{"line":2,"column":25},"end":{"line":2,"column":26}},"loc":{"start":{"line":2,"column":57},"end":{"line":10,"column":1}},"line":2},"1":{"name":"updateStudentInteractions","decl":{"start":{"line":12,"column":9},"end":{"line":12,"column":34}},"loc":{"start":{"line":12,"column":58},"end":{"line":19,"column":1}},"line":12}},"branchMap":{"0":{"loc":{"start":{"line":3,"column":4},"end":{"line":7,"column":5}},"type":"if","locations":[{"start":{"line":3,"column":4},"end":{"line":7,"column":5}},{"start":{"line":5,"column":11},"end":{"line":7,"column":5}}],"line":3},"1":{"loc":{"start":{"line":5,"column":11},"end":{"line":7,"column":5}},"type":"if","locations":[{"start":{"line":5,"column":11},"end":{"line":7,"column":5}},{"start":{},"end":{}}],"line":5}},"s":{"0":1,"1":3,"2":1,"3":2,"4":1,"5":3,"6":3},"f":{"0":3,"1":3},"b":{"0":[1,2],"1":[1,1]},"_coverageSchema":"1a1c01bbd47fc00a2c39e90264f33305004495a9","hash":"ea0f3edbbca89a5218e461b5f225f4b66eb6bad1"}
,"C:\\Users\\matth\\Documents\\Startup\\Project-goldmine\\Client\\text-interactions.js": {"path":"C:\\Users\\matth\\Documents\\Startup\\Project-goldmine\\Client\\text-interactions.js","statementMap":{"0":{"start":{"line":2,"column":0},"end":{"line":12,"column":2}},"1":{"start":{"line":4,"column":8},"end":{"line":4,"column":54}},"2":{"start":{"line":7,"column":8},"end":{"line":7,"column":53}},"3":{"start":{"line":10,"column":8},"end":{"line":10,"column":47}},"4":{"start":{"line":14,"column":23},"end":{"line":34,"column":1}},"5":{"start":{"line":15,"column":4},"end":{"line":15,"column":38}},"6":{"start":{"line":15,"column":31},"end":{"line":15,"column":38}},"7":{"start":{"line":17,"column":18},"end":{"line":17,"column":41}},"8":{"start":{"line":18,"column":25},"end":{"line":18,"column":72}},"9":{"start":{"line":20,"column":4},"end":{"line":31,"column":5}},"10":{"start":{"line":21,"column":8},"end":{"line":21,"column":49}},"11":{"start":{"line":22,"column":8},"end":{"line":24,"column":9}},"12":{"start":{"line":23,"column":12},"end":{"line":23,"column":37}},"13":{"start":{"line":25,"column":11},"end":{"line":31,"column":5}},"14":{"start":{"line":26,"column":8},"end":{"line":26,"column":46}},"15":{"start":{"line":28,"column":21},"end":{"line":28,"column":51}},"16":{"start":{"line":29,"column":8},"end":{"line":29,"column":35}},"17":{"start":{"line":30,"column":8},"end":{"line":30,"column":37}},"18":{"start":{"line":33,"column":4},"end":{"line":33,"column":32}},"19":{"start":{"line":36,"column":25},"end":{"line":42,"column":1}},"20":{"start":{"line":37,"column":18},"end":{"line":37,"column":22}},"21":{"start":{"line":38,"column":4},"end":{"line":40,"column":5}},"22":{"start":{"line":39,"column":8},"end":{"line":39,"column":37}},"23":{"start":{"line":41,"column":4},"end":{"line":41,"column":79}},"24":{"start":{"line":44,"column":19},"end":{"line":50,"column":1}},"25":{"start":{"line":45,"column":19},"end":{"line":45,"column":34}},"26":{"start":{"line":46,"column":4},"end":{"line":48,"column":5}},"27":{"start":{"line":47,"column":8},"end":{"line":47,"column":51}},"28":{"start":{"line":49,"column":4},"end":{"line":49,"column":29}},"29":{"start":{"line":52,"column":0},"end":{"line":92,"column":3}},"30":{"start":{"line":53,"column":20},"end":{"line":53,"column":54}},"31":{"start":{"line":55,"column":4},"end":{"line":55,"column":25}},"32":{"start":{"line":55,"column":18},"end":{"line":55,"column":25}},"33":{"start":{"line":57,"column":4},"end":{"line":85,"column":7}},"34":{"start":{"line":58,"column":8},"end":{"line":84,"column":14}},"35":{"start":{"line":59,"column":30},"end":{"line":59,"column":51}},"36":{"start":{"line":60,"column":12},"end":{"line":60,"column":53}},"37":{"start":{"line":60,"column":46},"end":{"line":60,"column":53}},"38":{"start":{"line":62,"column":26},"end":{"line":62,"column":55}},"39":{"start":{"line":63,"column":12},"end":{"line":63,"column":48}},"40":{"start":{"line":64,"column":12},"end":{"line":68,"column":14}},"41":{"start":{"line":70,"column":12},"end":{"line":70,"column":46}},"42":{"start":{"line":71,"column":12},"end":{"line":71,"column":55}},"43":{"start":{"line":72,"column":12},"end":{"line":72,"column":49}},"44":{"start":{"line":74,"column":12},"end":{"line":74,"column":45}},"45":{"start":{"line":76,"column":12},"end":{"line":83,"column":15}},"46":{"start":{"line":77,"column":16},"end":{"line":82,"column":19}},"47":{"start":{"line":78,"column":20},"end":{"line":78,"column":40}},"48":{"start":{"line":79,"column":35},"end":{"line":79,"column":58}},"49":{"start":{"line":80,"column":20},"end":{"line":80,"column":66}},"50":{"start":{"line":81,"column":20},"end":{"line":81,"column":35}},"51":{"start":{"line":87,"column":4},"end":{"line":91,"column":7}},"52":{"start":{"line":88,"column":8},"end":{"line":90,"column":9}},"53":{"start":{"line":89,"column":12},"end":{"line":89,"column":65}}},"fnMap":{"0":{"name":"(anonymous_0)","decl":{"start":{"line":3,"column":15},"end":{"line":3,"column":16}},"loc":{"start":{"line":3,"column":30},"end":{"line":5,"column":5}},"line":3},"1":{"name":"(anonymous_1)","decl":{"start":{"line":6,"column":15},"end":{"line":6,"column":16}},"loc":{"start":{"line":6,"column":30},"end":{"line":8,"column":5}},"line":6},"2":{"name":"(anonymous_2)","decl":{"start":{"line":9,"column":10},"end":{"line":9,"column":11}},"loc":{"start":{"line":9,"column":25},"end":{"line":11,"column":5}},"line":9},"3":{"name":"(anonymous_3)","decl":{"start":{"line":14,"column":23},"end":{"line":14,"column":24}},"loc":{"start":{"line":14,"column":49},"end":{"line":34,"column":1}},"line":14},"4":{"name":"(anonymous_4)","decl":{"start":{"line":36,"column":25},"end":{"line":36,"column":26}},"loc":{"start":{"line":36,"column":35},"end":{"line":42,"column":1}},"line":36},"5":{"name":"(anonymous_5)","decl":{"start":{"line":44,"column":19},"end":{"line":44,"column":20}},"loc":{"start":{"line":44,"column":29},"end":{"line":50,"column":1}},"line":44},"6":{"name":"(anonymous_6)","decl":{"start":{"line":52,"column":46},"end":{"line":52,"column":47}},"loc":{"start":{"line":52,"column":52},"end":{"line":92,"column":1}},"line":52},"7":{"name":"(anonymous_7)","decl":{"start":{"line":57,"column":40},"end":{"line":57,"column":41}},"loc":{"start":{"line":57,"column":56},"end":{"line":85,"column":5}},"line":57},"8":{"name":"(anonymous_8)","decl":{"start":{"line":58,"column":19},"end":{"line":58,"column":20}},"loc":{"start":{"line":58,"column":25},"end":{"line":84,"column":9}},"line":58},"9":{"name":"(anonymous_9)","decl":{"start":{"line":76,"column":48},"end":{"line":76,"column":49}},"loc":{"start":{"line":76,"column":56},"end":{"line":83,"column":13}},"line":76},"10":{"name":"(anonymous_10)","decl":{"start":{"line":77,"column":47},"end":{"line":77,"column":48}},"loc":{"start":{"line":77,"column":54},"end":{"line":82,"column":17}},"line":77},"11":{"name":"(anonymous_11)","decl":{"start":{"line":87,"column":39},"end":{"line":87,"column":40}},"loc":{"start":{"line":87,"column":55},"end":{"line":91,"column":5}},"line":87}},"branchMap":{"0":{"loc":{"start":{"line":15,"column":4},"end":{"line":15,"column":38}},"type":"if","locations":[{"start":{"line":15,"column":4},"end":{"line":15,"column":38}},{"start":{},"end":{}}],"line":15},"1":{"loc":{"start":{"line":20,"column":4},"end":{"line":31,"column":5}},"type":"if","locations":[{"start":{"line":20,"column":4},"end":{"line":31,"column":5}},{"start":{"line":25,"column":11},"end":{"line":31,"column":5}}],"line":20},"2":{"loc":{"start":{"line":20,"column":8},"end":{"line":20,"column":66}},"type":"binary-expr","locations":[{"start":{"line":20,"column":8},"end":{"line":20,"column":20}},{"start":{"line":20,"column":24},"end":{"line":20,"column":66}}],"line":20},"3":{"loc":{"start":{"line":22,"column":8},"end":{"line":24,"column":9}},"type":"if","locations":[{"start":{"line":22,"column":8},"end":{"line":24,"column":9}},{"start":{},"end":{}}],"line":22},"4":{"loc":{"start":{"line":25,"column":11},"end":{"line":31,"column":5}},"type":"if","locations":[{"start":{"line":25,"column":11},"end":{"line":31,"column":5}},{"start":{"line":27,"column":11},"end":{"line":31,"column":5}}],"line":25},"5":{"loc":{"start":{"line":38,"column":11},"end":{"line":38,"column":60}},"type":"binary-expr","locations":[{"start":{"line":38,"column":11},"end":{"line":38,"column":18}},{"start":{"line":38,"column":22},"end":{"line":38,"column":60}}],"line":38},"6":{"loc":{"start":{"line":41,"column":11},"end":{"line":41,"column":78}},"type":"cond-expr","locations":[{"start":{"line":41,"column":64},"end":{"line":41,"column":71}},{"start":{"line":41,"column":74},"end":{"line":41,"column":78}}],"line":41},"7":{"loc":{"start":{"line":41,"column":11},"end":{"line":41,"column":61}},"type":"binary-expr","locations":[{"start":{"line":41,"column":11},"end":{"line":41,"column":18}},{"start":{"line":41,"column":22},"end":{"line":41,"column":61}}],"line":41},"8":{"loc":{"start":{"line":55,"column":4},"end":{"line":55,"column":25}},"type":"if","locations":[{"start":{"line":55,"column":4},"end":{"line":55,"column":25}},{"start":{},"end":{}}],"line":55},"9":{"loc":{"start":{"line":60,"column":12},"end":{"line":60,"column":53}},"type":"if","locations":[{"start":{"line":60,"column":12},"end":{"line":60,"column":53}},{"start":{},"end":{}}],"line":60},"10":{"loc":{"start":{"line":88,"column":8},"end":{"line":90,"column":9}},"type":"if","locations":[{"start":{"line":88,"column":8},"end":{"line":90,"column":9}},{"start":{},"end":{}}],"line":88}},"s":{"0":2,"1":3,"2":0,"3":1,"4":2,"5":4,"6":0,"7":4,"8":4,"9":4,"10":1,"11":1,"12":1,"13":3,"14":1,"15":2,"16":2,"17":2,"18":4,"19":2,"20":4,"21":4,"22":2,"23":4,"24":2,"25":1,"26":1,"27":1,"28":1,"29":2,"30":0,"31":0,"32":0,"33":0,"34":0,"35":0,"36":0,"37":0,"38":0,"39":0,"40":0,"41":0,"42":0,"43":0,"44":0,"45":0,"46":0,"47":0,"48":0,"49":0,"50":0,"51":0,"52":0,"53":0},"f":{"0":3,"1":0,"2":1,"3":4,"4":4,"5":1,"6":0,"7":0,"8":0,"9":0,"10":0,"11":0},"b":{"0":[0,4],"1":[1,3],"2":[4,2],"3":[1,0],"4":[1,2],"5":[6,6],"6":[2,2],"7":[4,4],"8":[0,0],"9":[0,0],"10":[0,0]},"_coverageSchema":"1a1c01bbd47fc00a2c39e90264f33305004495a9","hash":"9440290a2f94efd93c22e78f818f65e5b46dfb74"}
}
